\BOOKMARK [1][-]{section.1}{\376\377\000I\000n\000t\000r\000o\000d\000u\000c\000t\000i\000o\000n\000\040\000o\000f\000\040\000I\000K\000O\000S}{}% 1
\BOOKMARK [2][-]{subsection.1.1}{\376\377\000c\000o\000r\000e}{section.1}% 2
\BOOKMARK [3][-]{subsubsection.1.1.1}{\376\377\000n\000u\000m\000b\000e\000r\000.\000h\000p\000p}{subsection.1.1}% 3
\BOOKMARK [3][-]{subsubsection.1.1.2}{\376\377\000l\000i\000t\000e\000r\000a\000l\000.\000h\000p\000p}{subsection.1.1}% 4
\BOOKMARK [3][-]{subsubsection.1.1.3}{\376\377\000l\000i\000n\000e\000a\000r\000\137\000e\000x\000p\000r\000e\000s\000s\000i\000o\000n\000.\000h\000p\000p}{subsection.1.1}% 5
\BOOKMARK [3][-]{subsubsection.1.1.4}{\376\377\000l\000i\000n\000e\000a\000r\000\137\000c\000o\000n\000s\000t\000r\000a\000i\000n\000t}{subsection.1.1}% 6
\BOOKMARK [2][-]{subsection.1.2}{\376\377\000e\000x\000c\000e\000p\000t\000i\000o\000n\000.\000h\000p\000p}{section.1}% 7
\BOOKMARK [2][-]{subsection.1.3}{\376\377\000v\000a\000l\000u\000e}{section.1}% 8
\BOOKMARK [3][-]{subsubsection.1.3.1}{\376\377\000l\000i\000f\000e\000t\000i\000m\000e\000.\000h\000p\000p}{subsection.1.3}% 9
\BOOKMARK [3][-]{subsubsection.1.3.2}{\376\377\000n\000u\000l\000l\000i\000t\000y\000.\000h\000p\000p}{subsection.1.3}% 10
\BOOKMARK [3][-]{subsubsection.1.3.3}{\376\377\000u\000i\000n\000i\000t\000i\000l\000i\000z\000e\000d\000.\000h\000p\000p}{subsection.1.3}% 11
\BOOKMARK [3][-]{subsubsection.1.3.4}{\376\377\000m\000a\000c\000h\000i\000n\000e\000\137\000i\000n\000t\000/\000i\000n\000t\000e\000r\000v\000a\000l\000.\000h\000p\000p}{subsection.1.3}% 12
\BOOKMARK [3][-]{subsubsection.1.3.5}{\376\377\000m\000a\000c\000h\000i\000n\000e\000\137\000i\000n\000t\000/\000c\000o\000n\000g\000r\000u\000e\000n\000c\000e\000.\000h\000p\000p}{subsection.1.3}% 13
\BOOKMARK [3][-]{subsubsection.1.3.6}{\376\377\000m\000a\000c\000h\000i\000n\000e\000\137\000i\000n\000t\000/\000i\000n\000t\000e\000r\000v\000a\000l\000\137\000c\000o\000n\000g\000r\000u\000e\000n\000c\000e\000.\000h\000p\000p}{subsection.1.3}% 14
\BOOKMARK [3][-]{subsubsection.1.3.7}{\376\377\000m\000a\000c\000h\000i\000n\000e\000\137\000i\000n\000t\000/\000c\000o\000n\000s\000t\000a\000n\000t\000.\000h\000p\000p}{subsection.1.3}% 15
\BOOKMARK [3][-]{subsubsection.1.3.8}{\376\377\000n\000u\000m\000e\000r\000i\000c\000/\000i\000n\000t\000e\000r\000v\000a\000l\000.\000h\000p\000p}{subsection.1.3}% 16
\BOOKMARK [3][-]{subsubsection.1.3.9}{\376\377\000n\000u\000m\000e\000r\000i\000c\000/\000c\000o\000n\000g\000r\000u\000e\000n\000c\000e\000.\000h\000p\000p}{subsection.1.3}% 17
\BOOKMARK [3][-]{subsubsection.1.3.10}{\376\377\000n\000u\000m\000e\000r\000i\000c\000/\000i\000n\000t\000e\000r\000v\000a\000l\000\137\000c\000o\000n\000g\000r\000u\000e\000n\000c\000e\000.\000h\000p\000p}{subsection.1.3}% 18
\BOOKMARK [3][-]{subsubsection.1.3.11}{\376\377\000n\000u\000m\000e\000r\000i\000c\000/\000c\000o\000n\000s\000t\000a\000n\000t\000.\000h\000p\000p}{subsection.1.3}% 19
\BOOKMARK [3][-]{subsubsection.1.3.12}{\376\377\000n\000u\000m\000e\000r\000i\000c\000/\000g\000a\000u\000g\000e\000.\000h\000p\000p}{subsection.1.3}% 20
\BOOKMARK [3][-]{subsubsection.1.3.13}{\376\377\000p\000o\000i\000n\000t\000e\000r\000/\000p\000o\000i\000n\000t\000e\000r\000.\000h\000p\000p}{subsection.1.3}% 21
\BOOKMARK [3][-]{subsubsection.1.3.14}{\376\377\000p\000o\000i\000n\000t\000e\000r\000/\000p\000o\000i\000n\000t\000e\000r\000\137\000s\000e\000t\000.\000h\000p\000p}{subsection.1.3}% 22
\BOOKMARK [3][-]{subsubsection.1.3.15}{\376\377\000p\000o\000i\000n\000t\000e\000r\000/\000p\000o\000i\000n\000t\000e\000r\000\137\000t\000o\000\137\000s\000e\000t\000.\000h\000p\000p}{subsection.1.3}% 23
\BOOKMARK [2][-]{subsection.1.4}{\376\377\000s\000e\000m\000a\000n\000t\000i\000c}{section.1}% 24
\BOOKMARK [3][-]{subsubsection.1.4.1}{\376\377\000v\000a\000r\000i\000a\000b\000l\000e\000.\000h\000p\000p}{subsection.1.4}% 25
\BOOKMARK [3][-]{subsubsection.1.4.2}{\376\377\000m\000e\000m\000o\000r\000y\000\137\000l\000o\000c\000a\000t\000i\000o\000n\000.\000h\000p\000p}{subsection.1.4}% 26
\BOOKMARK [3][-]{subsubsection.1.4.3}{\376\377\000i\000n\000d\000e\000x\000a\000b\000l\000e\000.\000h\000p\000p}{subsection.1.4}% 27
\BOOKMARK [3][-]{subsubsection.1.4.4}{\376\377\000g\000r\000a\000p\000h\000.\000h\000p\000p}{subsection.1.4}% 28
\BOOKMARK [3][-]{subsubsection.1.4.5}{\376\377\000d\000u\000m\000p\000a\000b\000l\000e\000.\000h\000p\000p}{subsection.1.4}% 29
